[2013-03-08 21:24:09] request.ERROR: Uncaught PHP Exception Symfony\Component\HttpKernel\Exception\NotFoundHttpException: "No route found for "GET /"" at D:\CursoSF\curso-symfony2-controlf-2013\pereyra-alejandro\Symfony\vendor\symfony\symfony\src\Symfony\Component\HttpKernel\EventListener\RouterListener.php line 94 [] []
[2013-03-08 21:24:23] request.ERROR: Uncaught PHP Exception Symfony\Component\HttpKernel\Exception\NotFoundHttpException: "No route found for "GET /"" at D:\CursoSF\curso-symfony2-controlf-2013\pereyra-alejandro\Symfony\vendor\symfony\symfony\src\Symfony\Component\HttpKernel\EventListener\RouterListener.php line 94 [] []
[2013-03-08 21:24:42] request.ERROR: Uncaught PHP Exception Symfony\Component\HttpKernel\Exception\NotFoundHttpException: "No route found for "GET /symfony"" at D:\CursoSF\curso-symfony2-controlf-2013\pereyra-alejandro\Symfony\app\cache\prod\classes.php line 3599 [] []
[2013-03-08 21:30:15] request.ERROR: Uncaught PHP Exception Symfony\Component\HttpKernel\Exception\NotFoundHttpException: "No route found for "GET /"" at D:\CursoSF\curso-symfony2-controlf-2013\pereyra-alejandro\Symfony\app\cache\prod\classes.php line 3599 [] []
[2013-03-08 21:30:33] request.ERROR: Uncaught PHP Exception Symfony\Component\HttpKernel\Exception\NotFoundHttpException: "No route found for "GET /"" at D:\CursoSF\curso-symfony2-controlf-2013\pereyra-alejandro\Symfony\app\cache\prod\classes.php line 3599 [] []
[2013-03-08 21:30:41] request.ERROR: Uncaught PHP Exception Symfony\Component\HttpKernel\Exception\NotFoundHttpException: "No route found for "GET /"" at D:\CursoSF\curso-symfony2-controlf-2013\pereyra-alejandro\Symfony\app\cache\prod\classes.php line 3599 [] []
[2013-03-08 21:33:10] request.ERROR: Uncaught PHP Exception Symfony\Component\HttpKernel\Exception\NotFoundHttpException: "No route found for "GET /"" at D:\CursoSF\curso-symfony2-controlf-2013\pereyra-alejandro\Symfony\app\cache\prod\classes.php line 3599 [] []
[2013-03-08 21:41:56] request.ERROR: Uncaught PHP Exception Symfony\Component\HttpKernel\Exception\NotFoundHttpException: "No route found for "GET /"" at D:\CursoSF\curso-symfony2-controlf-2013\pereyra-alejandro\Symfony\app\cache\prod\classes.php line 3599 [] []
[2013-03-08 21:42:01] request.ERROR: Uncaught PHP Exception Symfony\Component\HttpKernel\Exception\NotFoundHttpException: "No route found for "GET /"" at D:\CursoSF\curso-symfony2-controlf-2013\pereyra-alejandro\Symfony\app\cache\prod\classes.php line 3599 [] []
[2013-03-08 21:42:13] request.ERROR: Uncaught PHP Exception Symfony\Component\HttpKernel\Exception\NotFoundHttpException: "No route found for "HEAD /"" at D:\CursoSF\curso-symfony2-controlf-2013\pereyra-alejandro\Symfony\app\cache\prod\classes.php line 3599 [] []
[2013-03-08 21:42:17] request.ERROR: Uncaught PHP Exception Symfony\Component\HttpKernel\Exception\NotFoundHttpException: "No route found for "GET /"" at D:\CursoSF\curso-symfony2-controlf-2013\pereyra-alejandro\Symfony\app\cache\prod\classes.php line 3599 [] []
[2013-03-08 21:42:30] request.ERROR: Uncaught PHP Exception Symfony\Component\HttpKernel\Exception\NotFoundHttpException: "No route found for "GET /"" at D:\CursoSF\curso-symfony2-controlf-2013\pereyra-alejandro\Symfony\app\cache\prod\classes.php line 3599 [] []
[2013-03-08 21:42:48] request.ERROR: Uncaught PHP Exception Symfony\Component\HttpKernel\Exception\NotFoundHttpException: "No route found for "GET /"" at D:\CursoSF\curso-symfony2-controlf-2013\pereyra-alejandro\Symfony\app\cache\prod\classes.php line 3599 [] []
[2013-03-08 21:44:41] request.ERROR: Uncaught PHP Exception Symfony\Component\HttpKernel\Exception\NotFoundHttpException: "No route found for "GET /"" at D:\CursoSF\curso-symfony2-controlf-2013\pereyra-alejandro\Symfony\app\cache\prod\classes.php line 3599 [] []
[2013-03-08 21:45:50] request.ERROR: Uncaught PHP Exception Symfony\Component\HttpKernel\Exception\NotFoundHttpException: "No route found for "GET /"" at D:\CursoSF\curso-symfony2-controlf-2013\pereyra-alejandro\Symfony\app\cache\prod\classes.php line 3599 [] []
[2013-03-08 21:47:24] request.ERROR: Uncaught PHP Exception Symfony\Component\HttpKernel\Exception\NotFoundHttpException: "No route found for "GET /"" at D:\CursoSF\curso-symfony2-controlf-2013\pereyra-alejandro\Symfony\app\cache\prod\classes.php line 3599 [] []
[2013-03-08 21:51:03] request.ERROR: Uncaught PHP Exception Symfony\Component\HttpKernel\Exception\NotFoundHttpException: "No route found for "GET /"" at D:\CursoSF\curso-symfony2-controlf-2013\pereyra-alejandro\Symfony\app\cache\prod\classes.php line 3599 [] []
[2013-03-08 22:11:48] request.ERROR: Uncaught PHP Exception Symfony\Component\HttpKernel\Exception\NotFoundHttpException: "No route found for "GET /"" at D:\CursoSF\curso-symfony2-controlf-2013\pereyra-alejandro\Symfony\app\cache\prod\classes.php line 3599 [] []
[2013-03-08 22:32:33] request.ERROR: Uncaught PHP Exception Symfony\Component\HttpKernel\Exception\NotFoundHttpException: "No route found for "GET /web/app_dev.php"" at D:\CursoSF\curso-symfony2-controlf-2013\pereyra-alejandro\Symfony\app\cache\prod\classes.php line 3599 [] []
[2013-03-08 22:58:23] request.ERROR: Uncaught PHP Exception Symfony\Component\HttpKernel\Exception\NotFoundHttpException: "No route found for "GET /web/app_dev.php"" at D:\CursoSF\curso-symfony2-controlf-2013\pereyra-alejandro\Symfony\app\cache\prod\classes.php line 3599 [] []
[2013-03-13 19:11:50] request.ERROR: Uncaught PHP Exception Symfony\Component\HttpKernel\Exception\NotFoundHttpException: "No route found for "GET /"" at D:\CursoSF\curso-symfony2-controlf-2013\pereyra-alejandro\Symfony\app\cache\prod\classes.php line 3599 [] []
[2013-03-13 19:11:56] request.ERROR: Uncaught PHP Exception Symfony\Component\HttpKernel\Exception\NotFoundHttpException: "No route found for "GET /"" at D:\CursoSF\curso-symfony2-controlf-2013\pereyra-alejandro\Symfony\app\cache\prod\classes.php line 3599 [] []
